-------------------------------------------------------------------------------
Test set: com.javatechie.keycloak.SpringBootKeycloakExampleApplicationTests
-------------------------------------------------------------------------------
Tests run: 1, Failures: 0, Errors: 1, Skipped: 0, Time elapsed: 2.087 s <<< FAILURE! - in com.javatechie.keycloak.SpringBootKeycloakExampleApplicationTests
contextLoads  Time elapsed: 0.004 s  <<< ERROR!
java.lang.IllegalStateException: Failed to load ApplicationContext
Caused by: org.springframework.beans.factory.BeanCreationException: Error creating bean with name 'springSecurityFilterChain' defined in class path resource [org/springframework/security/config/annotation/web/configuration/WebSecurityConfiguration.class]: Bean instantiation via factory method failed; nested exception is org.springframework.beans.BeanInstantiationException: Failed to instantiate [javax.servlet.Filter]: Factory method 'springSecurityFilterChain' threw exception; nested exception is org.springframework.beans.factory.BeanCreationException: Error creating bean with name 'keycloakPreAuthActionsFilter' defined in class path resource [com/javatechie/keycloak/config/SecurityConfig.class]: Invocation of init method failed; nested exception is org.springframework.beans.factory.BeanCreationException: Error creating bean with name 'adapterDeploymentContext' defined in class path resource [com/javatechie/keycloak/config/SecurityConfig.class]: Bean instantiation via factory method failed; nested exception is org.springframework.beans.BeanInstantiationException: Failed to instantiate [org.keycloak.adapters.AdapterDeploymentContext]: Factory method 'adapterDeploymentContext' threw exception; nested exception is java.io.FileNotFoundException: Unable to locate Keycloak configuration file: keycloak.json
Caused by: org.springframework.beans.BeanInstantiationException: Failed to instantiate [javax.servlet.Filter]: Factory method 'springSecurityFilterChain' threw exception; nested exception is org.springframework.beans.factory.BeanCreationException: Error creating bean with name 'keycloakPreAuthActionsFilter' defined in class path resource [com/javatechie/keycloak/config/SecurityConfig.class]: Invocation of init method failed; nested exception is org.springframework.beans.factory.BeanCreationException: Error creating bean with name 'adapterDeploymentContext' defined in class path resource [com/javatechie/keycloak/config/SecurityConfig.class]: Bean instantiation via factory method failed; nested exception is org.springframework.beans.BeanInstantiationException: Failed to instantiate [org.keycloak.adapters.AdapterDeploymentContext]: Factory method 'adapterDeploymentContext' threw exception; nested exception is java.io.FileNotFoundException: Unable to locate Keycloak configuration file: keycloak.json
Caused by: org.springframework.beans.factory.BeanCreationException: Error creating bean with name 'keycloakPreAuthActionsFilter' defined in class path resource [com/javatechie/keycloak/config/SecurityConfig.class]: Invocation of init method failed; nested exception is org.springframework.beans.factory.BeanCreationException: Error creating bean with name 'adapterDeploymentContext' defined in class path resource [com/javatechie/keycloak/config/SecurityConfig.class]: Bean instantiation via factory method failed; nested exception is org.springframework.beans.BeanInstantiationException: Failed to instantiate [org.keycloak.adapters.AdapterDeploymentContext]: Factory method 'adapterDeploymentContext' threw exception; nested exception is java.io.FileNotFoundException: Unable to locate Keycloak configuration file: keycloak.json
Caused by: org.springframework.beans.factory.BeanCreationException: Error creating bean with name 'adapterDeploymentContext' defined in class path resource [com/javatechie/keycloak/config/SecurityConfig.class]: Bean instantiation via factory method failed; nested exception is org.springframework.beans.BeanInstantiationException: Failed to instantiate [org.keycloak.adapters.AdapterDeploymentContext]: Factory method 'adapterDeploymentContext' threw exception; nested exception is java.io.FileNotFoundException: Unable to locate Keycloak configuration file: keycloak.json
Caused by: org.springframework.beans.BeanInstantiationException: Failed to instantiate [org.keycloak.adapters.AdapterDeploymentContext]: Factory method 'adapterDeploymentContext' threw exception; nested exception is java.io.FileNotFoundException: Unable to locate Keycloak configuration file: keycloak.json
Caused by: java.io.FileNotFoundException: Unable to locate Keycloak configuration file: keycloak.json

